<?xml version="1.0" encoding="UTF-8"?>
<testng-results ignored="0" total="1" passed="1" failed="0" skipped="0">
  <reporter-output>
  </reporter-output>
  <suite started-at="2026-06-30T17:09:54 IST" name="Default suite" finished-at="2026-06-30T17:09:59 IST" duration-ms="4387">
    <groups>
    </groups>
    <test started-at="2026-06-30T17:09:54 IST" name="Default test" finished-at="2026-06-30T17:09:59 IST" duration-ms="4387">
      <class name="gitActions.SwagTeast">
        <test-method is-config="true" signature="BrowserSetup()[pri:0, instance:gitActions.SwagTeast@636be97c]" started-at="2026-06-30T17:09:54 IST" name="BrowserSetup" finished-at="2026-06-30T17:09:58 IST" duration-ms="4084" status="PASS">
          <reporter-output>
          </reporter-output>
        </test-method> <!-- BrowserSetup -->
        <test-method signature="tittleVerification()[pri:0, instance:gitActions.SwagTeast@636be97c]" started-at="2026-06-30T17:09:58 IST" name="tittleVerification" finished-at="2026-06-30T17:09:58 IST" duration-ms="36" status="PASS">
          <reporter-output>
          </reporter-output>
        </test-method> <!-- tittleVerification -->
        <test-method is-config="true" signature="BrowserTearDown()[pri:0, instance:gitActions.SwagTeast@636be97c]" started-at="2026-06-30T17:09:58 IST" name="BrowserTearDown" finished-at="2026-06-30T17:09:59 IST" duration-ms="200" status="PASS">
          <reporter-output>
          </reporter-output>
        </test-method> <!-- BrowserTearDown -->
      </class> <!-- gitActions.SwagTeast -->
    </test> <!-- Default test -->
  </suite> <!-- Default suite -->
</testng-results>
