<?xml version="1.0" encoding="UTF-8"?>
<testng-results ignored="0" total="1" passed="1" failed="0" skipped="0">
  <reporter-output>
  </reporter-output>
  <suite started-at="2026-06-30T17:49:24 IST" name="Default suite" finished-at="2026-06-30T17:49:29 IST" duration-ms="5176">
    <groups>
    </groups>
    <test started-at="2026-06-30T17:49:24 IST" name="Default test" finished-at="2026-06-30T17:49:29 IST" duration-ms="5176">
      <class name="gitActions.SwagTeast">
        <test-method is-config="true" signature="BrowserSetup()[pri:0, instance:gitActions.SwagTeast@4562e04d]" started-at="2026-06-30T17:49:24 IST" name="BrowserSetup" finished-at="2026-06-30T17:49:28 IST" duration-ms="4823" status="PASS">
          <reporter-output>
          </reporter-output>
        </test-method> <!-- BrowserSetup -->
        <test-method signature="tittleVerification()[pri:0, instance:gitActions.SwagTeast@4562e04d]" started-at="2026-06-30T17:49:28 IST" name="tittleVerification" finished-at="2026-06-30T17:49:29 IST" duration-ms="49" status="PASS">
          <reporter-output>
          </reporter-output>
        </test-method> <!-- tittleVerification -->
        <test-method is-config="true" signature="BrowserTearDown()[pri:0, instance:gitActions.SwagTeast@4562e04d]" started-at="2026-06-30T17:49:29 IST" name="BrowserTearDown" finished-at="2026-06-30T17:49:29 IST" duration-ms="232" status="PASS">
          <reporter-output>
          </reporter-output>
        </test-method> <!-- BrowserTearDown -->
      </class> <!-- gitActions.SwagTeast -->
    </test> <!-- Default test -->
  </suite> <!-- Default suite -->
</testng-results>
